<<<<<<< HEAD
INFO 16:25:27:888 wdm.WebDriverManager detectDriverVersionFromBrowser:615 Using chromedriver 112.0.5615.49 (since Google Chrome 112 is installed in your machine)
INFO 16:25:27:904 wdm.WebDriverManager getDriversFromXml:1077 Reading https://chromedriver.storage.googleapis.com/ to seek chromedriver
INFO 16:25:28:326 wdm.Downloader downloadAndExtract:128 Downloading https://chromedriver.storage.googleapis.com/112.0.5615.49/chromedriver_win32.zip
INFO 16:25:28:607 wdm.Downloader extract:183 Extracting binary from compressed file chromedriver_win32.zip
INFO 16:25:28:733 wdm.WebDriverManager exportDriver:1113 Exporting webdriver.chrome.driver as C:\Users\delph\.m2\repository\webdriver\chromedriver\win32\112.0.5615.49\chromedriver.exe
INFO 16:40:12:822 wdm.WebDriverManager detectDriverVersionFromBrowser:615 Using chromedriver 112.0.5615.49 (since Google Chrome 112 is installed in your machine)
INFO 16:40:12:853 wdm.WebDriverManager exportDriver:1113 Exporting webdriver.chrome.driver as C:\Users\delph\.m2\repository\webdriver\chromedriver\win32\112.0.5615.49\chromedriver.exe
INFO 18:11:15:452 wdm.WebDriverManager detectDriverVersionFromBrowser:615 Using chromedriver 112.0.5615.49 (since Google Chrome 112 is installed in your machine)
INFO 18:11:15:482 wdm.WebDriverManager exportDriver:1113 Exporting webdriver.chrome.driver as C:\Users\delph\.m2\repository\webdriver\chromedriver\win32\112.0.5615.49\chromedriver.exe
INFO 18:18:04:243 wdm.WebDriverManager detectDriverVersionFromBrowser:615 Using chromedriver 112.0.5615.49 (since Google Chrome 112 is installed in your machine)
INFO 18:18:04:274 wdm.WebDriverManager exportDriver:1113 Exporting webdriver.chrome.driver as C:\Users\delph\.m2\repository\webdriver\chromedriver\win32\112.0.5615.49\chromedriver.exe
INFO 18:52:04:050 wdm.WebDriverManager detectDriverVersionFromBrowser:615 Using chromedriver 112.0.5615.49 (since Google Chrome 112 is installed in your machine)
INFO 18:52:04:066 wdm.WebDriverManager exportDriver:1113 Exporting webdriver.chrome.driver as C:\Users\delph\.m2\repository\webdriver\chromedriver\win32\112.0.5615.49\chromedriver.exe
INFO 19:22:31:834 wdm.WebDriverManager detectDriverVersionFromBrowser:615 Using chromedriver 112.0.5615.49 (since Google Chrome 112 is installed in your machine)
INFO 19:22:31:845 wdm.WebDriverManager exportDriver:1113 Exporting webdriver.chrome.driver as C:\Users\delph\.m2\repository\webdriver\chromedriver\win32\112.0.5615.49\chromedriver.exe
=======
INFO 12:14:11:322 wdm.WebDriverManager detectDriverVersionFromBrowser:615 Using chromedriver 112.0.5615.49 (since Google Chrome 112 is installed in your machine)
INFO 12:14:11:346 wdm.WebDriverManager getDriversFromXml:1077 Reading https://chromedriver.storage.googleapis.com/ to seek chromedriver
INFO 12:14:12:119 wdm.Downloader downloadAndExtract:128 Downloading https://chromedriver.storage.googleapis.com/112.0.5615.49/chromedriver_mac64.zip
INFO 12:14:13:926 wdm.Downloader extract:183 Extracting binary from compressed file chromedriver_mac64.zip
INFO 12:14:14:210 wdm.WebDriverManager exportDriver:1113 Exporting webdriver.chrome.driver as /Users/averkhovskaya/.m2/repository/webdriver/chromedriver/mac64/112.0.5615.49/chromedriver
INFO 12:18:39:515 wdm.WebDriverManager detectDriverVersionFromBrowser:615 Using chromedriver 112.0.5615.49 (since Google Chrome 112 is installed in your machine)
INFO 12:18:39:538 wdm.WebDriverManager exportDriver:1113 Exporting webdriver.chrome.driver as /Users/averkhovskaya/.m2/repository/webdriver/chromedriver/mac64/112.0.5615.49/chromedriver
INFO 12:19:05:507 wdm.WebDriverManager detectDriverVersionFromBrowser:615 Using chromedriver 112.0.5615.49 (since Google Chrome 112 is installed in your machine)
INFO 12:19:05:534 wdm.WebDriverManager exportDriver:1113 Exporting webdriver.chrome.driver as /Users/averkhovskaya/.m2/repository/webdriver/chromedriver/mac64/112.0.5615.49/chromedriver
INFO 10:43:20:704 wdm.WebDriverManager detectDriverVersionFromBrowser:615 Using chromedriver 112.0.5615.49 (since Google Chrome 112 is installed in your machine)
INFO 10:43:20:738 wdm.WebDriverManager exportDriver:1113 Exporting webdriver.chrome.driver as /Users/averkhovskaya/.m2/repository/webdriver/chromedriver/mac64/112.0.5615.49/chromedriver
INFO 10:53:19:640 wdm.WebDriverManager detectDriverVersionFromBrowser:615 Using chromedriver 112.0.5615.49 (since Google Chrome 112 is installed in your machine)
INFO 10:53:19:744 wdm.WebDriverManager exportDriver:1113 Exporting webdriver.chrome.driver as /Users/averkhovskaya/.m2/repository/webdriver/chromedriver/mac64/112.0.5615.49/chromedriver
INFO 10:53:26:167 wdm.WebDriverManager detectDriverVersionFromBrowser:615 Using chromedriver 112.0.5615.49 (since Google Chrome 112 is installed in your machine)
INFO 10:53:26:207 wdm.WebDriverManager exportDriver:1113 Exporting webdriver.chrome.driver as /Users/averkhovskaya/.m2/repository/webdriver/chromedriver/mac64/112.0.5615.49/chromedriver
INFO 11:01:44:204 wdm.WebDriverManager detectDriverVersionFromBrowser:615 Using chromedriver 112.0.5615.49 (since Google Chrome 112 is installed in your machine)
INFO 11:01:44:241 wdm.WebDriverManager exportDriver:1113 Exporting webdriver.chrome.driver as /Users/averkhovskaya/.m2/repository/webdriver/chromedriver/mac64/112.0.5615.49/chromedriver
INFO 11:03:39:398 wdm.WebDriverManager detectDriverVersionFromBrowser:615 Using chromedriver 112.0.5615.49 (since Google Chrome 112 is installed in your machine)
INFO 11:03:39:423 wdm.WebDriverManager exportDriver:1113 Exporting webdriver.chrome.driver as /Users/averkhovskaya/.m2/repository/webdriver/chromedriver/mac64/112.0.5615.49/chromedriver
INFO 11:03:43:726 wdm.WebDriverManager detectDriverVersionFromBrowser:615 Using chromedriver 112.0.5615.49 (since Google Chrome 112 is installed in your machine)
INFO 11:03:43:731 wdm.WebDriverManager exportDriver:1113 Exporting webdriver.chrome.driver as /Users/averkhovskaya/.m2/repository/webdriver/chromedriver/mac64/112.0.5615.49/chromedriver
INFO 11:18:15:076 wdm.WebDriverManager detectDriverVersionFromBrowser:615 Using chromedriver 112.0.5615.49 (since Google Chrome 112 is installed in your machine)
INFO 11:18:15:109 wdm.WebDriverManager exportDriver:1113 Exporting webdriver.chrome.driver as /Users/averkhovskaya/.m2/repository/webdriver/chromedriver/mac64/112.0.5615.49/chromedriver
INFO 11:18:19:688 wdm.WebDriverManager detectDriverVersionFromBrowser:615 Using chromedriver 112.0.5615.49 (since Google Chrome 112 is installed in your machine)
INFO 11:18:19:697 wdm.WebDriverManager exportDriver:1113 Exporting webdriver.chrome.driver as /Users/averkhovskaya/.m2/repository/webdriver/chromedriver/mac64/112.0.5615.49/chromedriver
INFO 11:28:04:113 wdm.WebDriverManager detectDriverVersionFromBrowser:615 Using chromedriver 112.0.5615.49 (since Google Chrome 112 is installed in your machine)
INFO 11:28:04:135 wdm.WebDriverManager exportDriver:1113 Exporting webdriver.chrome.driver as /Users/averkhovskaya/.m2/repository/webdriver/chromedriver/mac64/112.0.5615.49/chromedriver
INFO 11:28:53:029 wdm.WebDriverManager detectDriverVersionFromBrowser:615 Using chromedriver 112.0.5615.49 (since Google Chrome 112 is installed in your machine)
INFO 11:28:53:056 wdm.WebDriverManager exportDriver:1113 Exporting webdriver.chrome.driver as /Users/averkhovskaya/.m2/repository/webdriver/chromedriver/mac64/112.0.5615.49/chromedriver
INFO 11:32:06:923 wdm.WebDriverManager detectDriverVersionFromBrowser:615 Using chromedriver 112.0.5615.49 (since Google Chrome 112 is installed in your machine)
INFO 11:32:06:946 wdm.WebDriverManager exportDriver:1113 Exporting webdriver.chrome.driver as /Users/averkhovskaya/.m2/repository/webdriver/chromedriver/mac64/112.0.5615.49/chromedriver
INFO 11:32:27:177 wdm.WebDriverManager detectDriverVersionFromBrowser:615 Using chromedriver 112.0.5615.49 (since Google Chrome 112 is installed in your machine)
INFO 11:32:27:201 wdm.WebDriverManager exportDriver:1113 Exporting webdriver.chrome.driver as /Users/averkhovskaya/.m2/repository/webdriver/chromedriver/mac64/112.0.5615.49/chromedriver
INFO 11:43:29:475 wdm.WebDriverManager detectDriverVersionFromBrowser:615 Using chromedriver 112.0.5615.49 (since Google Chrome 112 is installed in your machine)
INFO 11:43:29:491 wdm.WebDriverManager exportDriver:1113 Exporting webdriver.chrome.driver as /Users/averkhovskaya/.m2/repository/webdriver/chromedriver/mac64/112.0.5615.49/chromedriver
INFO 11:43:34:026 wdm.WebDriverManager detectDriverVersionFromBrowser:615 Using chromedriver 112.0.5615.49 (since Google Chrome 112 is installed in your machine)
INFO 11:43:34:031 wdm.WebDriverManager exportDriver:1113 Exporting webdriver.chrome.driver as /Users/averkhovskaya/.m2/repository/webdriver/chromedriver/mac64/112.0.5615.49/chromedriver
INFO 11:43:38:055 wdm.WebDriverManager detectDriverVersionFromBrowser:615 Using chromedriver 112.0.5615.49 (since Google Chrome 112 is installed in your machine)
INFO 11:43:38:059 wdm.WebDriverManager exportDriver:1113 Exporting webdriver.chrome.driver as /Users/averkhovskaya/.m2/repository/webdriver/chromedriver/mac64/112.0.5615.49/chromedriver
INFO 11:43:42:010 wdm.WebDriverManager detectDriverVersionFromBrowser:615 Using chromedriver 112.0.5615.49 (since Google Chrome 112 is installed in your machine)
INFO 11:43:42:014 wdm.WebDriverManager exportDriver:1113 Exporting webdriver.chrome.driver as /Users/averkhovskaya/.m2/repository/webdriver/chromedriver/mac64/112.0.5615.49/chromedriver
INFO 11:43:45:867 wdm.WebDriverManager detectDriverVersionFromBrowser:615 Using chromedriver 112.0.5615.49 (since Google Chrome 112 is installed in your machine)
INFO 11:43:45:872 wdm.WebDriverManager exportDriver:1113 Exporting webdriver.chrome.driver as /Users/averkhovskaya/.m2/repository/webdriver/chromedriver/mac64/112.0.5615.49/chromedriver
INFO 11:43:50:294 wdm.WebDriverManager detectDriverVersionFromBrowser:615 Using chromedriver 112.0.5615.49 (since Google Chrome 112 is installed in your machine)
INFO 11:43:50:298 wdm.WebDriverManager exportDriver:1113 Exporting webdriver.chrome.driver as /Users/averkhovskaya/.m2/repository/webdriver/chromedriver/mac64/112.0.5615.49/chromedriver
INFO 11:43:54:243 wdm.WebDriverManager detectDriverVersionFromBrowser:615 Using chromedriver 112.0.5615.49 (since Google Chrome 112 is installed in your machine)
INFO 11:43:54:248 wdm.WebDriverManager exportDriver:1113 Exporting webdriver.chrome.driver as /Users/averkhovskaya/.m2/repository/webdriver/chromedriver/mac64/112.0.5615.49/chromedriver
>>>>>>> 78a00ee4255750779415e7aa814dc924b208b0e4
